[    0.000000] Linux version 4.15.0-156-generic (buildd@lcy01-amd64-008) (gcc version 7.5.0 (Ubuntu 7.5.0-3ubuntu1~18.04)) #163-Ubuntu SMP Thu Aug 19 23:31:58 UTC 2021 (Ubuntu 4.15.0-156.163-generic 4.15.18)
[    0.000000] Command line: BOOT_IMAGE=/boot/vmlinuz-4.15.0-156-generic root=LABEL=cloudimg-rootfs ro console=tty1 console=ttyS0
[    0.000000] KERNEL supported cpus:
[    0.000000]   Intel GenuineIntel
[    0.000000]   AMD AuthenticAMD
[    0.000000]   Centaur CentaurHauls
[    0.000000] [Firmware Bug]: TSC doesn't count with P0 frequency!
[    0.000000] x86/fpu: Supporting XSAVE feature 0x001: 'x87 floating point registers'
[    0.000000] x86/fpu: Supporting XSAVE feature 0x002: 'SSE registers'
[    0.000000] x86/fpu: Supporting XSAVE feature 0x004: 'AVX registers'
[    0.000000] x86/fpu: xstate_offset[2]:  576, xstate_sizes[2]:  256
[    0.000000] x86/fpu: Enabled xstate features 0x7, context size is 832 bytes, using 'standard' format.
[    0.000000] e820: BIOS-provided physical RAM map:
[    0.000000] BIOS-e820: [mem 0x0000000000000000-0x000000000009fbff] usable
[    0.000000] BIOS-e820: [mem 0x000000000009fc00-0x000000000009ffff] reserved
[    0.000000] BIOS-e820: [mem 0x00000000000f0000-0x00000000000fffff] reserved
[    0.000000] BIOS-e820: [mem 0x0000000000100000-0x00000000dffeffff] usable
[    0.000000] BIOS-e820: [mem 0x00000000dfff0000-0x00000000dfffffff] ACPI data
[    0.000000] BIOS-e820: [mem 0x00000000fec00000-0x00000000fec00fff] reserved
[    0.000000] BIOS-e820: [mem 0x00000000fee00000-0x00000000fee00fff] reserved
[    0.000000] BIOS-e820: [mem 0x00000000fffc0000-0x00000000ffffffff] reserved
[    0.000000] BIOS-e820: [mem 0x0000000100000000-0x000000019fffffff] usable
[    0.000000] NX (Execute Disable) protection: active
[    0.000000] SMBIOS 2.5 present.
[    0.000000] DMI: innotek GmbH VirtualBox/VirtualBox, BIOS VirtualBox 12/01/2006
[    0.000000] Hypervisor detected: KVM
[    0.000000] e820: last_pfn = 0x1a0000 max_arch_pfn = 0x400000000
[    0.000000] MTRR: Disabled
[    0.000000] x86/PAT: MTRRs disabled, skipping PAT initialization too.
[    0.000000] CPU MTRRs all blank - virtualized system.
[    0.000000] x86/PAT: Configuration [0-7]: WB  WT  UC- UC  WB  WT  UC- UC  
[    0.000000] e820: last_pfn = 0xdfff0 max_arch_pfn = 0x400000000
[    0.000000] found SMP MP-table at [mem 0x0009fff0-0x0009ffff]
[    0.000000] Scanning 1 areas for low memory corruption
[    0.000000] RAMDISK: [mem 0x359cf000-0x36cdefff]
[    0.000000] ACPI: Early table checksum verification disabled
[    0.000000] ACPI: RSDP 0x00000000000E0000 000024 (v02 VBOX  )
[    0.000000] ACPI: XSDT 0x00000000DFFF0030 00003C (v01 VBOX   VBOXXSDT 00000001 ASL  00000061)
[    0.000000] ACPI: FACP 0x00000000DFFF00F0 0000F4 (v04 VBOX   VBOXFACP 00000001 ASL  00000061)
[    0.000000] ACPI: DSDT 0x00000000DFFF0480 002325 (v02 VBOX   VBOXBIOS 00000002 INTL 20210604)
[    0.000000] ACPI: FACS 0x00000000DFFF0200 000040
[    0.000000] ACPI: FACS 0x00000000DFFF0200 000040
[    0.000000] ACPI: APIC 0x00000000DFFF0240 00006C (v02 VBOX   VBOXAPIC 00000001 ASL  00000061)
[    0.000000] ACPI: SSDT 0x00000000DFFF02B0 0001CC (v01 VBOX   VBOXCPUT 00000002 INTL 20210604)
[    0.000000] ACPI: Reserving FACP table memory at [mem 0xdfff00f0-0xdfff01e3]
[    0.000000] ACPI: Reserving DSDT table memory at [mem 0xdfff0480-0xdfff27a4]
[    0.000000] ACPI: Reserving FACS table memory at [mem 0xdfff0200-0xdfff023f]
[    0.000000] ACPI: Reserving FACS table memory at [mem 0xdfff0200-0xdfff023f]
[    0.000000] ACPI: Reserving APIC table memory at [mem 0xdfff0240-0xdfff02ab]
[    0.000000] ACPI: Reserving SSDT table memory at [mem 0xdfff02b0-0xdfff047b]
[    0.000000] No NUMA configuration found
[    0.000000] Faking a node at [mem 0x0000000000000000-0x000000019fffffff]
[    0.000000] NODE_DATA(0) allocated [mem 0x19ffd1000-0x19fffbfff]
[    0.000000] kvm-clock: cpu 0, msr 1:9ff50001, primary cpu clock
[    0.000000] kvm-clock: Using msrs 4b564d01 and 4b564d00
[    0.000000] kvm-clock: using sched offset of 3222393279 cycles
[    0.000000] clocksource: kvm-clock: mask: 0xffffffffffffffff max_cycles: 0x1cd42e4dffb, max_idle_ns: 881590591483 ns
[    0.000000] Zone ranges:
[    0.000000]   DMA      [mem 0x0000000000001000-0x0000000000ffffff]
[    0.000000]   DMA32    [mem 0x0000000001000000-0x00000000ffffffff]
[    0.000000]   Normal   [mem 0x0000000100000000-0x000000019fffffff]
[    0.000000]   Device   empty
[    0.000000] Movable zone start for each node
[    0.000000] Early memory node ranges
[    0.000000]   node   0: [mem 0x0000000000001000-0x000000000009efff]
[    0.000000]   node   0: [mem 0x0000000000100000-0x00000000dffeffff]
[    0.000000]   node   0: [mem 0x0000000100000000-0x000000019fffffff]
[    0.000000] Reserved but unavailable: 104 pages
[    0.000000] Initmem setup node 0 [mem 0x0000000000001000-0x000000019fffffff]
[    0.000000] ACPI: PM-Timer IO Port: 0x4008
[    0.000000] IOAPIC[0]: apic_id 4, version 32, address 0xfec00000, GSI 0-23
[    0.000000] ACPI: INT_SRC_OVR (bus 0 bus_irq 0 global_irq 2 dfl dfl)
[    0.000000] ACPI: INT_SRC_OVR (bus 0 bus_irq 9 global_irq 9 low level)
[    0.000000] Using ACPI (MADT) for SMP configuration information
[    0.000000] smpboot: Allowing 4 CPUs, 0 hotplug CPUs
[    0.000000] PM: Registered nosave memory: [mem 0x00000000-0x00000fff]
[    0.000000] PM: Registered nosave memory: [mem 0x0009f000-0x0009ffff]
[    0.000000] PM: Registered nosave memory: [mem 0x000a0000-0x000effff]
[    0.000000] PM: Registered nosave memory: [mem 0x000f0000-0x000fffff]
[    0.000000] PM: Registered nosave memory: [mem 0xdfff0000-0xdfffffff]
[    0.000000] PM: Registered nosave memory: [mem 0xe0000000-0xfebfffff]
[    0.000000] PM: Registered nosave memory: [mem 0xfec00000-0xfec00fff]
[    0.000000] PM: Registered nosave memory: [mem 0xfec01000-0xfedfffff]
[    0.000000] PM: Registered nosave memory: [mem 0xfee00000-0xfee00fff]
[    0.000000] PM: Registered nosave memory: [mem 0xfee01000-0xfffbffff]
[    0.000000] PM: Registered nosave memory: [mem 0xfffc0000-0xffffffff]
[    0.000000] e820: [mem 0xe0000000-0xfebfffff] available for PCI devices
[    0.000000] Booting paravirtualized kernel on KVM
[    0.000000] clocksource: refined-jiffies: mask: 0xffffffff max_cycles: 0xffffffff, max_idle_ns: 7645519600211568 ns
[    0.000000] random: get_random_bytes called from start_kernel+0x99/0x500 with crng_init=0
[    0.000000] setup_percpu: NR_CPUS:8192 nr_cpumask_bits:4 nr_cpu_ids:4 nr_node_ids:1
[    0.000000] percpu: Embedded 45 pages/cpu s147456 r8192 d28672 u524288
[    0.000000] PV qspinlock hash table entries: 256 (order: 0, 4096 bytes)
[    0.000000] Built 1 zonelists, mobility grouping on.  Total pages: 1548153
[    0.000000] Policy zone: Normal
[    0.000000] Kernel command line: BOOT_IMAGE=/boot/vmlinuz-4.15.0-156-generic root=LABEL=cloudimg-rootfs ro console=tty1 console=ttyS0
[    0.000000] Memory: 6077348K/6291000K available (12300K kernel code, 2483K rwdata, 4320K rodata, 2448K init, 2724K bss, 213652K reserved, 0K cma-reserved)
[    0.000000] SLUB: HWalign=64, Order=0-3, MinObjects=0, CPUs=4, Nodes=1
[    0.000000] ftrace: allocating 39466 entries in 155 pages
[    0.004000] Hierarchical RCU implementation.
[    0.004000] 	RCU restricting CPUs from NR_CPUS=8192 to nr_cpu_ids=4.
[    0.004000] 	Tasks RCU enabled.
[    0.004000] RCU: Adjusting geometry for rcu_fanout_leaf=16, nr_cpu_ids=4
[    0.004000] NR_IRQS: 524544, nr_irqs: 456, preallocated irqs: 16
[    0.004000] Console: colour VGA+ 80x25
[    0.004000] console [tty1] enabled
[    0.004000] console [ttyS0] enabled
[    0.004000] ACPI: Core revision 20170831
[    0.004000] ACPI: 2 ACPI AML tables successfully acquired and loaded
[    0.004000] APIC: Switch to symmetric I/O mode setup
[    0.004000] x2apic enabled
[    0.004000] Switched APIC routing to physical x2apic.
[    0.004000] ..TIMER: vector=0x30 apic1=0 pin1=2 apic2=-1 pin2=-1
[    0.004000] tsc: Detected 3599.996 MHz processor
[    0.004000] Calibrating delay loop (skipped) preset value.. 7199.99 BogoMIPS (lpj=14399984)
[    0.004000] pid_max: default: 32768 minimum: 301
[    0.004000] Security Framework initialized
[    0.004000] Yama: becoming mindful.
[    0.004000] AppArmor: AppArmor initialized
[    0.004000] Dentry cache hash table entries: 1048576 (order: 11, 8388608 bytes)
[    0.004000] Inode-cache hash table entries: 524288 (order: 10, 4194304 bytes)
[    0.004000] Mount-cache hash table entries: 16384 (order: 5, 131072 bytes)
[    0.004000] Mountpoint-cache hash table entries: 16384 (order: 5, 131072 bytes)
[    0.004000] Last level iTLB entries: 4KB 1024, 2MB 1024, 4MB 512
[    0.004000] Last level dTLB entries: 4KB 1536, 2MB 1536, 4MB 768, 1GB 0
[    0.004000] Spectre V1 : Mitigation: usercopy/swapgs barriers and __user pointer sanitization
[    0.004000] Spectre V2 : Spectre mitigation: LFENCE not serializing, switching to generic retpoline
[    0.004000] Spectre V2 : Mitigation: Full generic retpoline
[    0.004000] Spectre V2 : Spectre v2 / SpectreRSB mitigation: Filling RSB on context switch
[    0.004000] Speculative Store Bypass: Mitigation: Speculative Store Bypass disabled via prctl and seccomp
[    0.004000] Freeing SMP alternatives memory: 36K
[    0.121851] APIC calibration not consistent with PM-Timer: 113ms instead of 100ms
[    0.122918] APIC delta adjusted to PM-Timer: 6469427 (7366516)
[    0.123699] smpboot: CPU0: AMD Ryzen 5 1600X Six-Core Processor (family: 0x17, model: 0x1, stepping: 0x1)
[    0.124000] Performance Events: PMU not available due to virtualization, using software events only.
[    0.124000] Hierarchical SRCU implementation.
[    0.124000] NMI watchdog: Perf event create on CPU 0 failed with -2
[    0.124000] NMI watchdog: Perf NMI watchdog permanently disabled
[    0.124000] smp: Bringing up secondary CPUs ...
[    0.124000] x86: Booting SMP configuration:
[    0.124000] .... node  #0, CPUs:      #1
[    0.004000] kvm-clock: cpu 1, msr 1:9ff50041, secondary cpu clock
[    0.130712]  #2
[    0.004000] kvm-clock: cpu 2, msr 1:9ff50081, secondary cpu clock
[    0.134176]  #3
[    0.004000] kvm-clock: cpu 3, msr 1:9ff500c1, secondary cpu clock
[    0.136012] smp: Brought up 1 node, 4 CPUs
[    0.136594] smpboot: Max logical packages: 1
[    0.137111] smpboot: Total of 4 processors activated (28799.96 BogoMIPS)
[    0.138205] devtmpfs: initialized
[    0.138205] x86/mm: Memory block size: 128MB
[    0.140360] evm: security.selinux
[    0.140819] evm: security.SMACK64
[    0.141250] evm: security.SMACK64EXEC
[    0.141753] evm: security.SMACK64TRANSMUTE
[    0.142676] evm: security.SMACK64MMAP
[    0.143296] evm: security.apparmor
[    0.144003] evm: security.ima
[    0.144484] evm: security.capability
[    0.145149] clocksource: jiffies: mask: 0xffffffff max_cycles: 0xffffffff, max_idle_ns: 7645041785100000 ns
[    0.145149] futex hash table entries: 1024 (order: 4, 65536 bytes)
[    0.145522] pinctrl core: initialized pinctrl subsystem
[    0.146127] RTC time:  9:52:04, date: 09/14/21
[    0.148114] NET: Registered protocol family 16
[    0.148623] audit: initializing netlink subsys (disabled)
[    0.149206] audit: type=2000 audit(1631613129.597:1): state=initialized audit_enabled=0 res=1
[    0.149206] cpuidle: using governor ladder
[    0.149206] cpuidle: using governor menu
[    0.149206] ACPI: bus type PCI registered
[    0.149206] acpiphp: ACPI Hot Plug PCI Controller Driver version: 0.5
[    0.152068] PCI: Using configuration type 1 for base access
[    0.152607] PCI: Using configuration type 1 for extended access
[    0.153403] HugeTLB registered 2.00 MiB page size, pre-allocated 0 pages
[    0.156105] ACPI: Added _OSI(Module Device)
[    0.156829] ACPI: Added _OSI(Processor Device)
[    0.157542] ACPI: Added _OSI(3.0 _SCP Extensions)
[    0.157542] ACPI: Added _OSI(Processor Aggregator Device)
[    0.157542] ACPI: Added _OSI(Linux-Dell-Video)
[    0.157771] ACPI: Added _OSI(Linux-Lenovo-NV-HDMI-Audio)
[    0.158620] ACPI: Added _OSI(Linux-HPI-Hybrid-Graphics)
[    0.160207] ACPI: Executed 1 blocks of module-level executable AML code
[    0.164184] ACPI: Interpreter enabled
[    0.164588] ACPI: (supports S0 S5)
[    0.164959] ACPI: Using IOAPIC for interrupt routing
[    0.165640] PCI: Using host bridge windows from ACPI; if necessary, use "pci=nocrs" and report a bug
[    0.166601] ACPI: Enabled 2 GPEs in block 00 to 07
[    0.171506] ACPI: PCI Root Bridge [PCI0] (domain 0000 [bus 00-ff])
[    0.172000] acpi PNP0A03:00: _OSC: OS supports [ExtendedConfig ASPM ClockPM Segments MSI]
[    0.173009] acpi PNP0A03:00: _OSC: platform does not support [PCIeCapability]
[    0.174304] acpi PNP0A03:00: _OSC: not requesting control; platform does not support [PCIeCapability]
[    0.175190] acpi PNP0A03:00: _OSC: OS requested [PCIeHotplug PME AER PCIeCapability]
[    0.176003] acpi PNP0A03:00: _OSC: platform willing to grant [PCIeHotplug PME AER]
[    0.176708] acpi PNP0A03:00: _OSC failed (AE_SUPPORT); disabling ASPM
[    0.177662] PCI host bridge to bus 0000:00
[    0.178132] pci_bus 0000:00: root bus resource [io  0x0000-0x0cf7 window]
[    0.178897] pci_bus 0000:00: root bus resource [io  0x0d00-0xffff window]
[    0.179665] pci_bus 0000:00: root bus resource [mem 0x000a0000-0x000bffff window]
[    0.180003] pci_bus 0000:00: root bus resource [mem 0xe0000000-0xfdffffff window]
[    0.180977] pci_bus 0000:00: root bus resource [bus 00-ff]
[    0.182510] pci 0000:00:01.1: legacy IDE quirk: reg 0x10: [io  0x01f0-0x01f7]
[    0.184003] pci 0000:00:01.1: legacy IDE quirk: reg 0x14: [io  0x03f6]
[    0.184798] pci 0000:00:01.1: legacy IDE quirk: reg 0x18: [io  0x0170-0x0177]
[    0.185604] pci 0000:00:01.1: legacy IDE quirk: reg 0x1c: [io  0x0376]
[    0.212000] pci 0000:00:07.0: quirk: [io  0x4000-0x403f] claimed by PIIX4 ACPI
[    0.212012] pci 0000:00:07.0: quirk: [io  0x4100-0x410f] claimed by PIIX4 SMB
[    0.232064] ACPI: PCI Interrupt Link [LNKA] (IRQs 5 9 10 *11)
[    0.233074] ACPI: PCI Interrupt Link [LNKB] (IRQs 5 9 *10 11)
[    0.233745] ACPI: PCI Interrupt Link [LNKC] (IRQs 5 *9 10 11)
[    0.234367] ACPI: PCI Interrupt Link [LNKD] (IRQs 5 9 10 *11)
[    0.236325] SCSI subsystem initialized
[    0.236787] pci 0000:00:02.0: vgaarb: setting as boot VGA device
[    0.236787] pci 0000:00:02.0: vgaarb: VGA device added: decodes=io+mem,owns=io+mem,locks=none
[    0.237446] pci 0000:00:02.0: vgaarb: bridge control possible
[    0.238283] vgaarb: loaded
[    0.238713] ACPI: bus type USB registered
[    0.239274] usbcore: registered new interface driver usbfs
[    0.240000] usbcore: registered new interface driver hub
[    0.240016] usbcore: registered new device driver usb
[    0.244025] EDAC MC: Ver: 3.0.0
[    0.244120] PCI: Using ACPI for IRQ routing
[    0.244851] NetLabel: Initializing
[    0.245393] NetLabel:  domain hash size = 128
[    0.245971] NetLabel:  protocols = UNLABELED CIPSOv4 CALIPSO
[    0.248027] NetLabel:  unlabeled traffic allowed by default
[    0.249261] clocksource: Switched to clocksource kvm-clock
[    0.253088] VFS: Disk quotas dquot_6.6.0
[    0.253088] VFS: Dquot-cache hash table entries: 512 (order 0, 4096 bytes)
[    0.253088] AppArmor: AppArmor Filesystem Enabled
[    0.253088] pnp: PnP ACPI init
[    0.253088] pnp: PnP ACPI: found 3 devices
[    0.271549] clocksource: acpi_pm: mask: 0xffffff max_cycles: 0xffffff, max_idle_ns: 2085701024 ns
[    0.272052] NET: Registered protocol family 2
[    0.272052] IP idents hash table entries: 131072 (order: 8, 1048576 bytes)
[    0.275608] TCP established hash table entries: 65536 (order: 7, 524288 bytes)
[    0.277589] TCP bind hash table entries: 65536 (order: 8, 1048576 bytes)
[    0.278376] TCP: Hash tables configured (established 65536 bind 65536)
[    0.279047] UDP hash table entries: 4096 (order: 5, 131072 bytes)
[    0.279652] UDP-Lite hash table entries: 4096 (order: 5, 131072 bytes)
[    0.280812] NET: Registered protocol family 1
[    0.280941] pci 0000:00:00.0: Limiting direct PCI/PCI transfers
[    0.280941] pci 0000:00:01.0: Activating ISA DMA hang workarounds
[    0.280941] pci 0000:00:02.0: Video device with shadowed ROM at [mem 0x000c0000-0x000dffff]
[    0.280941] Unpacking initramfs...
[    0.452345] Freeing initrd memory: 19520K
[    0.452345] PCI-DMA: Using software bounce buffering for IO (SWIOTLB)
[    0.452345] software IO TLB: mapped [mem 0xdbff0000-0xdfff0000] (64MB)
[    0.452345] clocksource: tsc: mask: 0xffffffffffffffff max_cycles: 0x33e44fb235b, max_idle_ns: 440795341910 ns
[    0.452345] platform rtc_cmos: registered platform RTC device (no PNP device found)
[    0.452345] Scanning for low memory corruption every 60 seconds
[    0.535773] Initialise system trusted keyrings
[    0.536730] Key type blacklist registered
[    0.537767] workingset: timestamp_bits=36 max_order=21 bucket_order=0
[    0.539449] zbud: loaded
[    0.540858] squashfs: version 4.0 (2009/01/31) Phillip Lougher
[    0.542352] fuse init (API version 7.26)
[    0.546762] Key type asymmetric registered
[    0.547211] Asymmetric key parser 'x509' registered
[    0.547765] Block layer SCSI generic (bsg) driver version 0.4 loaded (major 246)
[    0.548720] io scheduler noop registered
[    0.549175] io scheduler deadline registered
[    0.549696] io scheduler cfq registered (default)
[    0.550453] ACPI: AC Adapter [AC] (on-line)
[    0.550965] input: Power Button as /devices/LNXSYSTM:00/LNXPWRBN:00/input/input0
[    0.551768] ACPI: Power Button [PWRF]
[    0.552195] input: Sleep Button as /devices/LNXSYSTM:00/LNXSLPBN:00/input/input1
[    0.553087] ACPI: Sleep Button [SLPF]
[    0.553827] Serial: 8250/16550 driver, 32 ports, IRQ sharing enabled
[    0.555452] ACPI: Battery Slot [BAT0] (battery present)
[    0.575356] 00:02: ttyS0 at I/O 0x3f8 (irq = 4, base_baud = 115200) is a 16550A
[    0.579339] Linux agpgart interface v0.103
[    0.581525] loop: module loaded
[    0.582394] scsi host0: ata_piix
[    0.582986] scsi host1: ata_piix
[    0.583745] ata1: PATA max UDMA/33 cmd 0x1f0 ctl 0x3f6 bmdma 0xd000 irq 14
[    0.585149] ata2: PATA max UDMA/33 cmd 0x170 ctl 0x376 bmdma 0xd008 irq 15
[    0.586599] libphy: Fixed MDIO Bus: probed
[    0.587461] tun: Universal TUN/TAP device driver, 1.6
[    0.588616] PPP generic driver version 2.4.2
[    0.589576] ehci_hcd: USB 2.0 'Enhanced' Host Controller (EHCI) Driver
[    0.590857] ehci-pci: EHCI PCI platform driver
[    0.591783] ehci-platform: EHCI generic platform driver
[    0.592900] ohci_hcd: USB 1.1 'Open' Host Controller (OHCI) Driver
[    0.594104] ohci-pci: OHCI PCI platform driver
[    0.595045] ohci-platform: OHCI generic platform driver
[    0.596118] uhci_hcd: USB Universal Host Controller Interface driver
[    0.597514] i8042: PNP: PS/2 Controller [PNP0303:PS2K,PNP0f03:PS2M] at 0x60,0x64 irq 1,12
[    0.599584] serio: i8042 KBD port at 0x60,0x64 irq 1
[    0.600132] serio: i8042 AUX port at 0x60,0x64 irq 12
[    0.600865] mousedev: PS/2 mouse device common for all mice
[    0.601914] input: AT Translated Set 2 keyboard as /devices/platform/i8042/serio0/input/input2
[    0.601985] rtc_cmos rtc_cmos: rtc core: registered rtc_cmos as rtc0
[    0.604068] rtc_cmos rtc_cmos: alarms up to one day, 114 bytes nvram
[    0.605378] i2c /dev entries driver
[    0.606223] device-mapper: uevent: version 1.0.3
[    0.607309] device-mapper: ioctl: 4.37.0-ioctl (2017-09-20) initialised: dm-devel@redhat.com
[    0.609141] ledtrig-cpu: registered to indicate activity on CPUs
[    0.610991] NET: Registered protocol family 10
[    0.616868] Segment Routing with IPv6
[    0.617553] NET: Registered protocol family 17
[    0.618376] Key type dns_resolver registered
[    0.619417] mce: Using 0 MCE banks
[    0.620002] RAS: Correctable Errors collector initialized.
[    0.620931] sched_clock: Marking stable (620900344, 0)->(890350057, -269449713)
[    0.622833] registered taskstats version 1
[    0.623571] Loading compiled-in X.509 certificates
[    0.627227] Loaded X.509 cert 'Build time autogenerated kernel key: b39ba71f7e5bf175906d0a602aa7bdc709562f9b'
[    0.629608] Loaded X.509 cert 'Canonical Ltd. Live Patch Signing: 14df34d1a87cf37625abec039ef2bf521249b969'
[    0.631900] Loaded X.509 cert 'Canonical Ltd. Kernel Module Signing: 88f752e560a1e0737e31163a466ad7b70a850c19'
[    0.633461] zswap: loaded using pool lzo/zbud
[    0.638210] Key type big_key registered
[    0.638679] Key type trusted registered
[    0.641065] Key type encrypted registered
[    0.641521] AppArmor: AppArmor sha1 policy hashing enabled
[    0.642147] ima: No TPM chip found, activating TPM-bypass! (rc=-19)
[    0.642850] ima: Allocated hash algorithm: sha1
[    0.643406] evm: HMAC attrs: 0x1
[    0.643948]   Magic number: 5:363:879
[    0.644511] rtc_cmos rtc_cmos: setting system clock to 2021-09-14 09:52:05 UTC (1631613125)
[    0.645624] BIOS EDD facility v0.16 2004-Jun-25, 0 devices found
[    0.646277] EDD information not available.
[    0.787044] Freeing unused kernel image memory: 2448K
[    0.978300] Write protecting the kernel read-only data: 20480k
[    0.979446] Freeing unused kernel image memory: 2008K
[    0.980132] Freeing unused kernel image memory: 1824K
[    0.987135] x86/mm: Checked W+X mappings: passed, no W+X pages found.
Loading, please wait...
starting version 237
[    1.036702] e1000: Intel(R) PRO/1000 Network Driver - version 7.3.21-k8-NAPI
[    1.037534] e1000: Copyright (c) 1999-2006 Intel Corporation.
[    1.038325] Fusion MPT base driver 3.04.20
[    1.039230] Copyright (c) 1999-2008 LSI Corporation
[    1.046776] Fusion MPT SPI Host driver 3.04.20
[    1.055984] AVX2 version of gcm_enc/dec engaged.
[    1.056630] AES CTR mode by8 optimization enabled
[    1.247103] input: ImExPS/2 Generic Explorer Mouse as /devices/platform/i8042/serio1/input/input4
[    1.410201] e1000 0000:00:03.0 eth0: (PCI:33MHz:32-bit) 02:82:2a:96:15:3b
[    1.411371] e1000 0000:00:03.0 eth0: Intel(R) PRO/1000 Network Connection
[    2.204329] e1000 0000:00:08.0 eth1: (PCI:33MHz:32-bit) 08:00:27:82:1e:47
[    2.205747] e1000 0000:00:08.0 eth1: Intel(R) PRO/1000 Network Connection
[    2.208181] mptbase: ioc0: Initiating bringup
[    2.208417] e1000 0000:00:03.0 enp0s3: renamed from eth0
[    2.244792] e1000 0000:00:08.0 enp0s8: renamed from eth1
[    2.304395] ioc0: LSI53C1030 A0: Capabilities={Initiator}
[    2.549816] scsi host2: ioc0: LSI53C1030 A0, FwRev=00000000h, Ports=1, MaxQ=256, IRQ=20
[    4.341078] scsi 2:0:0:0: Direct-Access     VBOX     HARDDISK         1.0  PQ: 0 ANSI: 5
[    4.384170] scsi target2:0:0: Beginning Domain Validation
[    4.385803] scsi target2:0:0: Domain Validation skipping write tests
[    4.386873] scsi target2:0:0: Ending Domain Validation
[    4.387755] scsi target2:0:0: asynchronous
[    4.389015] scsi 2:0:1:0: Direct-Access     VBOX     HARDDISK         1.0  PQ: 0 ANSI: 5
[    4.590233] scsi target2:0:1: Beginning Domain Validation
[    4.592061] scsi target2:0:1: Domain Validation skipping write tests
[    4.593045] scsi target2:0:1: Ending Domain Validation
[    4.593897] random: fast init done
[    4.594483] scsi target2:0:1: asynchronous
[    4.598937] random: systemd-udevd: uninitialized urandom read (16 bytes read)
[    4.599100] sd 2:0:0:0: Attached scsi generic sg0 type 0
[    4.600351] random: systemd-udevd: uninitialized urandom read (16 bytes read)
[    4.600355] random: systemd-udevd: uninitialized urandom read (16 bytes read)
[    4.602491] sd 2:0:0:0: [sda] 83886080 512-byte logical blocks: (42.9 GB/40.0 GiB)
[    4.603994] sd 2:0:1:0: Attached scsi generic sg1 type 0
[    4.604592] sd 2:0:0:0: [sda] Write Protect is off
[    4.605613] sd 2:0:1:0: [sdb] 20480 512-byte logical blocks: (10.5 MB/10.0 MiB)
[    4.607258] sd 2:0:1:0: [sdb] Write Protect is off
[    4.607297] sd 2:0:0:0: [sda] Incomplete mode parameter data
[    4.609299] sd 2:0:0:0: [sda] Assuming drive cache: write through
[    4.610386] sd 2:0:1:0: [sdb] Incomplete mode parameter data
[    4.611622] sd 2:0:1:0: [sdb] Assuming drive cache: write through
[    4.618902]  sda: sda1
[    4.620065] sd 2:0:0:0: [sda] Attached SCSI disk
[    4.632613] sd 2:0:1:0: [sdb] Attached SCSI disk
Begin: Loading essential drivers ... [    6.188195] raid6: sse2x1   gen()  3817 MB/s
[    6.236153] raid6: sse2x1   xor()  6868 MB/s
[    6.284190] raid6: sse2x2   gen() 14799 MB/s
[    6.333230] raid6: sse2x2   xor() 10148 MB/s
[    6.380185] raid6: sse2x4   gen() 14427 MB/s
[    6.428245] raid6: sse2x4   xor()  8584 MB/s
[    6.476211] raid6: avx2x1   gen() 15257 MB/s
[    6.524193] raid6: avx2x1   xor() 12142 MB/s
[    6.572242] raid6: avx2x2   gen() 20752 MB/s
[    6.624579] raid6: avx2x2   xor() 15116 MB/s
[    6.676356] raid6: avx2x4   gen() 21321 MB/s
[    6.724161] raid6: avx2x4   xor() 12016 MB/s
[    6.724977] raid6: using algorithm avx2x4 gen() 21321 MB/s
[    6.725924] raid6: .... xor() 12016 MB/s, rmw enabled
[    6.726801] raid6: using avx2x2 recovery algorithm
[    6.728860] xor: automatically using best checksumming function   avx       
[    6.730586] async_tx: api initialized (async)
done.
Begin: Running /scripts/init-premount ... done.
Begin: Mounting root file system ... Begin: Running /scripts/local-top ... done.
Begin: Running /scripts/local-premount ... [    6.767538] Btrfs loaded, crc32c=crc32c-intel
Scanning for Btrfs filesystems
done.
Warning: fsck not present, so skipping root file system
[    6.798217] EXT4-fs (sda1): mounted filesystem with ordered data mode. Opts: (null)
done.
Begin: Running /scripts/local-bottom ... done.
Begin: Running /scripts/init-bottom ... done.
[    6.949559] ip_tables: (C) 2000-2006 Netfilter Core Team
[    6.957148] systemd[1]: systemd 237 running in system mode. (+PAM +AUDIT +SELINUX +IMA +APPARMOR +SMACK +SYSVINIT +UTMP +LIBCRYPTSETUP +GCRYPT +GNUTLS +ACL +XZ +LZ4 +SECCOMP +BLKID +ELFUTILS +KMOD -IDN2 +IDN -PCRE2 default-hierarchy=hybrid)
[    6.960024] systemd[1]: Detected virtualization oracle.
[    6.960776] systemd[1]: Detected architecture x86-64.

Welcome to [1mUbuntu 18.04.5 LTS[0m!

[    6.967955] systemd[1]: Set hostname to <ubuntu>.
[    6.970905] systemd[1]: Initializing machine ID from random generator.
[    6.971861] systemd[1]: Installed transient /etc/machine-id file.
[    7.205175] systemd[1]: Set up automount Arbitrary Executable File Formats File System Automount Point.
[[0;32m  OK  [0m] Set up automount Arbitrary Executab…rmats File System Automount Point.
[    7.207036] systemd[1]: Reached target Swap.
[[0;32m  OK  [0m] Reached target Swap.
[    7.207914] systemd[1]: Started Forward Password Requests to Wall Directory Watch.
[[0;32m  OK  [0m] Started Forward Password Requests to Wall Directory Watch.
[    7.209360] systemd[1]: Reached target User and Group Name Lookups.
[[0;32m  OK  [0m] Reached target User and Group Name Lookups.
[[0;32m  OK  [0m] Created slice User and Session Slice.
[[0;32m  OK  [0m] Reached target System Time Synchronized.
[[0;32m  OK  [0m] Created slice System Slice.
[[0;32m  OK  [0m] Listening on Journal Socket.
         Mounting Kernel Debug File System...
[[0;32m  OK  [0m] Reached target Slices.
[[0;32m  OK  [0m] Listening on udev Kernel Socket.
[[0;32m  OK  [0m] Listening on Network Service Netlink Socket.
         Mounting POSIX Message Queue File System...
[[0;32m  OK  [0m] Listening on Device-mapper event daemon FIFOs.
         Starting Create list of required st…ce nodes for the current kernel...
[[0;32m  OK  [0m] Listening on Journal Audit Socket.
[[0;32m  OK  [0m] Created slice system-serial\x2dgetty.slice.
[[0;32m  OK  [0m] Listening on udev Control Socket.
[[0;32m  OK  [0m] Listening on LVM2 metadata daemon socket.
         Starting Monitoring of LVM2 mirrors…ng dmeventd or progress polling...
[[0;32m  OK  [0m] Listening on fsck to fsckd communication Socket.
[[0;32m  OK  [0m] Listening on Journal Socket (/dev/log).
         Starting udev Coldplug all Devices...
[[0;32m  OK  [0m] Listening on /dev/initctl Compatibility Named Pipe.
         Starting Uncomplicated firewall...
         Starting Load Kernel Modules...
[[0;32m  OK  [0m] Listening on LVM2 poll daemon socket.
         Starting File System Check on Root Device...
         Starting Set the console keyboard layout...
         Mounting Huge Pages File System...
[    7.323822] Loading iSCSI transport class v2.0-870.
[[0;32m  OK  [0m] Listening on Syslog Socket.
         Starting Journal Service...
[[0;32m  OK  [0m] Mounted Kernel Debug File System.
[[0;32m  OK  [0m] Mounted POSIX Message Queue File System.
[[0;32m  OK  [0m] Started Create list of required sta…vice nodes for the current kernel.
[[0;32m  OK  [0m] Started Uncomplicated firewall.
[[0;32m  OK  [0m] Mounted Huge Pages File System.
[    7.332812] iscsi: registered transport (tcp)
[[0;32m  OK  [0m] Started LVM2 metadata daemon.
         Starting Create Static Device Nodes in /dev...
[[0;32m  OK  [0m] Started File System Check Daemon to report status.
[[0;32m  OK  [0m] Started udev Coldplug all Devices.
[[0;32m  OK  [0m] Started Journal Service.
[[0;32m  OK  [0m] Started Create Static Device Nodes in /dev.
[[0;32m  OK  [0m] Started File System Check on Root Device.
         Starting Remount Root and Kernel File Systems...
[[0;32m  OK  [0m] Started Monitoring of LVM2 mirrors,…sing dmeventd or progress polling.
[    7.458728] iscsi: registered transport (iser)
[[0;32m  OK  [0m] Started Load Kernel Modules.
         Mounting FUSE Control File System...
         Mounting Kernel Configuration File System...
         Starting Apply Kernel Variables...
[[0;32m  OK  [0m] Mounted FUSE Control File System.
[[0;32m  OK  [0m] Mounted Kernel Configuration File System.
[[0;32m  OK  [0m] Started Remount Root and Kernel File Systems.
         Starting Load/Save Random Seed...
         Starting udev Kernel Device Manager...
         Starting Flush Journal to Persistent Storage...
[[0;32m  OK  [0m] Started Load/Save Random Seed.
[[0;32m  OK  [0m] Started udev Kernel Device Manager.
[[0;32m  OK  [0m] Started Apply Kernel Variables.
[[0;32m  OK  [0m] Started Set the console keyboard layout.
[[0;32m  OK  [0m] Reached target Local File Systems (Pre).
[[0;32m  OK  [0m] Reached target Local File Systems.
         Starting Tell Plymouth To Write Out Runtime Data...
         Starting AppArmor initialization...
         Starting Commit a transient machine-id on disk...
         Starting Set console font and keymap...
         Starting ebtables ruleset management...
[[0;32m  OK  [0m] Started Dispatch Password Requests to Console Directory Watch.
[[0;32m  OK  [0m] Reached target Local Encrypted Volumes.
[[0;32m  OK  [0m] Started Flush Journal to Persistent Storage.
         Starting Create Volatile Files and Directories...
[[0;32m  OK  [0m] Started Tell Plymouth To Write Out Runtime Data.
[[0;32m  OK  [0m] Started Set console font and keymap.
[[0;32m  OK  [0m] Started Create Volatile Files and Directories.
         Starting Update UTMP about System Boot/Shutdown...
[[0;32m  OK  [0m] Started Commit a transient machine-id on disk.
[[0;32m  OK  [0m] Started Update UTMP about System Boot/Shutdown.
[[0;32m  OK  [0m] Started ebtables ruleset management.
[[0;32m  OK  [0m] Found device /dev/ttyS0.
[[0;32m  OK  [0m] Listening on Load/Save RF Kill Switch Status /dev/rfkill Watch.
[[0;32m  OK  [0m] Started AppArmor initialization.
         Starting Load AppArmor profiles managed internally by snapd...
         Starting Initial cloud-init job (pre-networking)...
[[0;32m  OK  [0m] Started Load AppArmor profiles managed internally by snapd.
[    9.102037] cloud-init[604]: Cloud-init v. 21.2-3-g899bfaa9-0ubuntu2~18.04.1 running 'init-local' at Tue, 14 Sep 2021 09:52:13 +0000. Up 8.81 seconds.
[[0;32m  OK  [0m] Started Initial cloud-init job (pre-networking).
[[0;32m  OK  [0m] Reached target Network (Pre).
         Starting Network Service...
[[0;32m  OK  [0m] Started Network Service.
         Starting Wait for Network to be Configured...
         Starting Network Name Resolution...
[[0;32m  OK  [0m] Started Network Name Resolution.
[[0;32m  OK  [0m] Reached target Host and Network Name Lookups.
[[0;32m  OK  [0m] Reached target Network.
[[0;32m  OK  [0m] Started Wait for Network to be Configured.
         Starting Initial cloud-init job (metadata service crawler)...
[   11.467998] cloud-init[730]: Cloud-init v. 21.2-3-g899bfaa9-0ubuntu2~18.04.1 running 'init' at Tue, 14 Sep 2021 09:52:16 +0000. Up 11.34 seconds.
[   11.468801] cloud-init[730]: ci-info: ++++++++++++++++++++++++++++++++++++++Net device info+++++++++++++++++++++++++++++++++++++++
[   11.469414] cloud-init[730]: ci-info: +--------+-------+----------------------------+---------------+--------+-------------------+
[   11.470091] cloud-init[730]: ci-info: | Device |   Up  |          Address           |      Mask     | Scope  |     Hw-Address    |
[   11.470709] cloud-init[730]: ci-info: +--------+-------+----------------------------+---------------+--------+-------------------+
[   11.471425] cloud-init[730]: ci-info: | enp0s3 |  True |         10.0.2.15          | 255.255.255.0 | global | 02:82:2a:96:15:3b |
[   11.472507] cloud-init[730]: ci-info: | enp0s3 |  True | fe80::82:2aff:fe96:153b/64 |       .       |  link  | 02:82:2a:96:15:3b |
[   11.473097] cloud-init[730]: ci-info: | enp0s8 | False |             .              |       .       |   .    | 08:00:27:82:1e:47 |
[   11.473718] cloud-init[730]: ci-info: |   lo   |  True |         127.0.0.1          |   255.0.0.0   |  host  |         .         |
[   11.474278] cloud-init[730]: ci-info: |   lo   |  True |          ::1/128           |       .       |  host  |         .         |
[   11.474990] cloud-init[730]: ci-info: +--------+-------+----------------------------+---------------+--------+-------------------+
[   11.475602] cloud-init[730]: ci-info: ++++++++++++++++++++++++++++Route IPv4 info+++++++++++++++++++++++++++++
[   11.476245] cloud-init[730]: ci-info: +-------+-------------+----------+-----------------+-----------+-------+
[   11.476813] cloud-init[730]: ci-info: | Route | Destination | Gateway  |     Genmask     | Interface | Flags |
[   11.477346] cloud-init[730]: ci-info: +-------+-------------+----------+-----------------+-----------+-------+
[   11.477894] cloud-init[730]: ci-info: |   0   |   0.0.0.0   | 10.0.2.2 |     0.0.0.0     |   enp0s3  |   UG  |
[   11.478430] cloud-init[730]: ci-info: |   1   |   10.0.2.0  | 0.0.0.0  |  255.255.255.0  |   enp0s3  |   U   |
[   11.478980] cloud-init[730]: ci-info: |   2   |   10.0.2.2  | 0.0.0.0  | 255.255.255.255 |   enp0s3  |   UH  |
[   11.479562] cloud-init[730]: ci-info: +-------+-------------+----------+-----------------+-----------+-------+
[   11.480154] cloud-init[730]: ci-info: +++++++++++++++++++Route IPv6 info+++++++++++++++++++
[   11.480681] cloud-init[730]: ci-info: +-------+-------------+---------+-----------+-------+
[   11.481213] cloud-init[730]: ci-info: | Route | Destination | Gateway | Interface | Flags |
[   11.481704] cloud-init[730]: ci-info: +-------+-------------+---------+-----------+-------+
[   11.482197] cloud-init[730]: ci-info: |   1   |  fe80::/64  |    ::   |   enp0s3  |   U   |
[   11.482737] cloud-init[730]: ci-info: |   3   |    local    |    ::   |   enp0s3  |   U   |
[   11.483184] cloud-init[730]: ci-info: |   4   |   ff00::/8  |    ::   |   enp0s3  |   U   |
[   11.483697] cloud-init[730]: ci-info: +-------+-------------+---------+-----------+-------+
[   13.897561] cloud-init[730]: Generating public/private rsa key pair.
[   13.911383] cloud-init[730]: Your identification has been saved in /etc/ssh/ssh_host_rsa_key.
[   13.913991] cloud-init[730]: Your public key has been saved in /etc/ssh/ssh_host_rsa_key.pub.
[   13.914929] cloud-init[730]: The key fingerprint is:
[   13.915601] cloud-init[730]: SHA256:dClZ2NTNrPuxFnaOgYIRCDh0BS2qNKALH14l4xm2v9I root@ubuntu-bionic
[   13.916659] cloud-init[730]: The key's randomart image is:
[   13.917393] cloud-init[730]: +---[RSA 2048]----+
[   13.918000] cloud-init[730]: | ...+=.. +o. +   |
[   13.918796] cloud-init[730]: |. o.* + oo... +  |
[   13.919735] cloud-init[730]: |o  = O  +.o  .   |
[   13.920596] cloud-init[730]: |ooo =  ..o  .    |
[   13.921171] cloud-init[730]: |o=.o .  So   o   |
[   13.922060] cloud-init[730]: |o o   . . . o = .|
[   13.923828] cloud-init[730]: |     . .   . o O |
[   13.924779] cloud-init[730]: |    . E       = .|
[   13.925709] cloud-init[730]: |     .       .   |
[   13.926330] cloud-init[730]: +----[SHA256]-----+
[   13.926938] cloud-init[730]: Generating public/private dsa key pair.
[   13.927620] cloud-init[730]: Your identification has been saved in /etc/ssh/ssh_host_dsa_key.
[   13.929417] cloud-init[730]: Your public key has been saved in /etc/ssh/ssh_host_dsa_key.pub.
[   13.930395] cloud-init[730]: The key fingerprint is:
[   13.931093] cloud-init[730]: SHA256:F5D1swNGz8gCcLbn6sz++Bu3bU5gvtkkJno50jfqFWs root@ubuntu-bionic
[   13.932127] cloud-init[730]: The key's randomart image is:
[   13.932959] cloud-init[730]: +---[DSA 1024]----+
[   13.933691] cloud-init[730]: |    ..+ .oo      |
[   13.934376] cloud-init[730]: |     o o.+ =     |
[   13.935107] cloud-init[730]: |      . o * =    |
[   13.935784] cloud-init[730]: |       o o o o   |
[   13.936521] cloud-init[730]: |        S = o    |
[   13.937234] cloud-init[730]: |       . + + .   |
[   13.937961] cloud-init[730]: |      ..o.E o    |
[   13.948465] cloud-init[730]: |     +.o=BoX.    |
[   13.948992] cloud-init[730]: |     .B**=+++    |
[   13.949537] cloud-init[730]: +----[SHA256]-----+
[   13.949945] cloud-init[730]: [[0;32m  OK  [0m] Started Initial cloud-init job (metadata service crawler).
[[0;32m  OK  [0m] Reached target System Initialization.
[[0;32m  OK  [0m] Started Daily Cleanup of Temporary Directories.
Generating public/private ecdsa key pair.[[0;32m  OK  [0m] Started Message of the Day.

[[0;32m  OK  [0m] Listening on UUID daemon activation socket.
[[0;32m  OK  [0m] Listening on D-Bus System Message Bus Socket.
[[0;32m  OK  [0m] Listening on Open-iSCSI iscsid Socket.
[   13.952341] cloud-init[730]: Your identification has been saved in /etc/ssh/ssh_host_ecdsa_key.
[   13.952892] cloud-init[730]: Your public key has been saved in /etc/ssh/ssh_host_ecdsa_key.pub.
[   13.953475] cloud-init[730]: The key fingerprint is:
[   13.953836] cloud-init[730]: SHA256:Np9LJUi6hUa8JtiITMSpRJWyo36cWFjDraGLfdWypJU root@ubuntu-bionic[[0;32m  OK  [0m] Started ACPI Events Check.
[[0;32m  OK  [0m] Reached target Paths.
[[0;32m  OK  [0m] Started Daily apt download activities.
[[0;32m  OK  [0m] Listening on ACPID Listen Socket.

[[0;32m  OK  [0m] Started Discard unused blocks once a week.
[   13.955167] [[0;32m  OK  [0m] Started Daily apt upgrade and clean activities.
cloud-init[730]: The key's randomart image is:
[   13.955745] cloud-init[730]: +---[ECDSA 256]---+
[   13.956099] cloud-init[730]:          Starting LXD - unix socket.
[[0;32m  OK  [0m] Started Ubuntu Advantage update messaging.
[[0;32m  OK  [0m] Reached target Timers.
|ooo..            |
[   13.957524]          Starting Socket activation for snappy daemon.
[[0;32m  OK  [0m] Reached target Network is Online.
cloud-init[730]: |.= . .           |
[   13.958475] [[0;32m  OK  [0m] Reached target Remote File Systems (Pre).
[[0;32m  OK  [0m] Reached target Remote File Systems.
cloud-init[730]: |o.+ . o .        |
         Starting Availability of block devices...
[[0;32m  OK  [0m] Reached target Cloud-config availability.
[[0;32m  OK  [0m] Listening on LXD - unix socket.
[[0;32m  OK  [0m] Listening on Socket activation for snappy daemon.
[[0;32m  OK  [0m] Reached target Sockets.
[[0;32m  OK  [0m] Reached target Basic System.
[   13.961500] cloud-init[730]: |++ O o = .       |
[   13.964512] cloud-init[730]: |o.B * *oS . .    |         Starting Login Service...

[   13.965373] cloud-init[730]: |.o o +E+.o +     |
[   13.965937] cloud-init[730]: |o.= .=.o  +      |
[   13.966537] cloud-init         Starting LSB: Record successful boot for GRUB...
[730]: |.+.+o .  . .     |
[   13.967436] cloud-init[730]: |  ..      .      |
[   13.968043]          Starting Accounts Service...
cloud-init[730]: +----[SHA256]-----+
[   13.969496] cloud-init[730]: Generating public/private ed25519 key pair.         Starting Permit User Sessions...

[   13.971119] cloud-init[730]: Your identification has been saved in /etc/ssh/ssh_host_ed25519_key.
[   13.972726] cloud-init[730]: Your public key has been saved in /etc/ssh/ssh_host_ed25519_key.pub.
[   13.973457] cloud-init[730]: The key fingerprint is:
[[0;32m  OK  [0m[   13.978194] cloud-init[730]: SHA256:qTKUZDF4MwMUMyjrWKUJeBohDCMm0Ihtnu5+HBIkkYw root@ubuntu-bionic
[   13.978385] cloud-init[730]: The key's randomart image is:
[   13.978826] cloud-init[730]: +--[ED25519 256]--+
] [   13.979338] cloud-init[730]: |^@*+o            |
[   13.979444] cloud-init[730]: |E+Bo*o           |
[   13.979806] cloud-init[730]: |.@ *o+           |
[   13.979934] cloud-init[730]: |o Bo .   .       |
[   13.980329] cloud-init[730]: |oo .o   S        |
[   13.980506] cloud-init[730]: |..o..  .         |
[   13.980817] cloud-init[730]: | . oo..          |
[   13.980925] cloud-init[730]: |  . oo           |
Started irqbalance daemon.
[   13.981510] cloud-init[730]: | ...             |
[   13.982655] cloud-init         Starting Virtualbox guest utils...
[730]: +----[SHA256]-----+
         Starting LSB: automatic crash report generation...
[[0;32m  OK  [0m] Started Regular background program processing daemon.
[[0;32m  OK  [0m] Started Deferred execution scheduler.
[[0;32m  OK  [0m] Started FUSE filesystem for LXC.
[[0;32m  OK  [0m] Started D-Bus System Message Bus.
[[0;32m  OK  [0m] Started Login Service.
[[0;32m  OK  [0m] Started Unattended Upgrades Shutdown.
         Starting Dispatcher daemon for systemd-networkd...
         Starting System Logging Service...
         Starting Snap Daemon...
         Starting Pollinate to seed the pseudo random number generator...
         Starting LXD - container startup/shutdown...
[[0;32m  OK  [0m] Started Availability of block devices.
[[0;32m  OK  [0m] Started Permit User Sessions.
         Starting Terminate Plymouth Boot Screen...
         Starting Hold until boot process finishes up...
[[0;32m  OK  [0m] Started Hold until boot process finishes up.
[[0;32m  OK  [0m] Started Serial Getty on ttyS0.
         Starting Set console scheme...
[[0;32m  OK  [0m] Started Terminate Plymouth Boot Screen.
[[0;32m  OK  [0m] Started System Logging Service.
[[0;32m  OK  [0m] Started Set console scheme.
[[0;32m  OK  [0m] Created slice system-getty.slice.
[[0;32m  OK  [0m] Started Getty on tty1.
[[0;32m  OK  [0m] Reached target Login Prompts.
         Starting Authorization Manager...
[[0;32m  OK  [0m] Started LSB: automatic crash report generation.
[[0;32m  OK  [0m] Started LSB: Record successful boot for GRUB.
[[0;32m  OK  [0m] Started Virtualbox guest utils.
[[0;32m  OK  [0m] Started Authorization Manager.
[[0;32m  OK  [0m] Started Accounts Service.
[[0;32m  OK  [0m] Started LXD - container startup/shutdown.
[[0;32m  OK  [0m] Started Dispatcher daemon for systemd-networkd.
[[0;32m  OK  [0m] Started Snap Daemon.
         Starting Wait until snapd is fully seeded...
[[0;32m  OK  [0m] Started Pollinate to seed the pseudo random number generator.
         Starting OpenBSD Secure Shell server...
[[0;32m  OK  [0m] Started OpenBSD Secure Shell server.
[[0;32m  OK  [0m] Created slice User Slice of vagrant.
         Starting User Manager for UID 1000...
[[0;32m  OK  [0m] Started Session 1 of user vagrant.
[[0;32m  OK  [0m] Started User Manager for UID 1000.
[[0;32m  OK  [0m] Started Wait until snapd is fully seeded.
         Starting Apply the settings specified in cloud-config...
[[0;32m  OK  [0m] Reached target Multi-User System.
[[0;32m  OK  [0m] Reached target Graphical Interface.
         Starting Update UTMP about System Runlevel Changes...
[[0;32m  OK  [0m] Started Update UTMP about System Runlevel Changes.

Ubuntu 18.04.5 LTS ubuntu-bionic ttyS0

ubuntu-bionic login: [   20.729905] cloud-init[1335]: Cloud-init v. 21.2-3-g899bfaa9-0ubuntu2~18.04.1 running 'modules:config' at Tue, 14 Sep 2021 09:52:22 +0000. Up 17.85 seconds.
ci-info: no authorized SSH keys fingerprints found for user ubuntu.
<14>Sep 14 09:52:26 cloud-init: #############################################################
<14>Sep 14 09:52:26 cloud-init: -----BEGIN SSH HOST KEY FINGERPRINTS-----
<14>Sep 14 09:52:26 cloud-init: 1024 SHA256:F5D1swNGz8gCcLbn6sz++Bu3bU5gvtkkJno50jfqFWs root@ubuntu-bionic (DSA)
<14>Sep 14 09:52:26 cloud-init: 256 SHA256:Np9LJUi6hUa8JtiITMSpRJWyo36cWFjDraGLfdWypJU root@ubuntu-bionic (ECDSA)
<14>Sep 14 09:52:26 cloud-init: 256 SHA256:qTKUZDF4MwMUMyjrWKUJeBohDCMm0Ihtnu5+HBIkkYw root@ubuntu-bionic (ED25519)
<14>Sep 14 09:52:26 cloud-init: 2048 SHA256:dClZ2NTNrPuxFnaOgYIRCDh0BS2qNKALH14l4xm2v9I root@ubuntu-bionic (RSA)
<14>Sep 14 09:52:26 cloud-init: -----END SSH HOST KEY FINGERPRINTS-----
<14>Sep 14 09:52:26 cloud-init: #############################################################
-----BEGIN SSH HOST KEY KEYS-----
ecdsa-sha2-nistp256 AAAAE2VjZHNhLXNoYTItbmlzdHAyNTYAAAAIbmlzdHAyNTYAAABBBKEPwBZ2pFsDPuLDrb4C63oeEvJOvaTK4iuuUOwFK2EmdnhAAQ19DYJeCx8fJMWZHdHDDTxABRgivfYdkGpZOE0= root@ubuntu-bionic
ssh-ed25519 AAAAC3NzaC1lZDI1NTE5AAAAIJEqa2S8cZkCILZlipDCb2OS6HHuPsOFa5IthKE8YC13 root@ubuntu-bionic
ssh-rsa AAAAB3NzaC1yc2EAAAADAQABAAABAQC4+TWQXB9xtGAWsIGLGbMpGb99rTaiCPtw1HpmWfnR82q3yRxUDEETuUkileM/pNaDE3nSYsxMIO/617JrVntVYPJaL2U2IgPQivIDP//1Alirpd3ZDFqFZ+R5+RHxkn7cEE1E4J/ZafuXUeAJwCtdvPqLf36AXIi71EHbNcaX1yfMkY0kUH3Cyv/qX4Sqmv9BnZcSeHt98VXC0GS6NiRQdNBaAYgTj7huhMdALDALuh2SdjAVZmX/S9DY7PtpDpZL2vclDQydKCndxSDRFcdjXelGPUfmRk+9vs7f0nSAx5Pc99X4m2nfhKz9bwj5SKB7W0CZpB5rmIdSY6qZpiNb root@ubuntu-bionic
-----END SSH HOST KEY KEYS-----
[   21.287812] cloud-init[1480]: Cloud-init v. 21.2-3-g899bfaa9-0ubuntu2~18.04.1 running 'modules:final' at Tue, 14 Sep 2021 09:52:25 +0000. Up 21.13 seconds.
[   21.289135] cloud-init[1480]: ci-info: no authorized SSH keys fingerprints found for user ubuntu.
[   21.290031] cloud-init[1480]: Cloud-init v. 21.2-3-g899bfaa9-0ubuntu2~18.04.1 finished at Tue, 14 Sep 2021 09:52:26 +0000. Datasource DataSourceNoCloud [seed=/dev/sdb][dsmode=net].  Up 21.27 seconds
